[debug] [2018-05-04T01:22:09.781Z] ----------------------------------------------------------------------
[debug] [2018-05-04T01:22:09.783Z] Command:       /usr/local/Cellar/node/9.11.1/bin/node /usr/local/bin/firebase deploy
[debug] [2018-05-04T01:22:09.783Z] CLI Version:   3.18.4
[debug] [2018-05-04T01:22:09.783Z] Platform:      darwin
[debug] [2018-05-04T01:22:09.783Z] Node Version:  v9.11.1
[debug] [2018-05-04T01:22:09.784Z] Time:          Thu May 03 2018 21:22:09 GMT-0400 (EDT)
[debug] [2018-05-04T01:22:09.784Z] ----------------------------------------------------------------------
[debug] 
[debug] [2018-05-04T01:22:09.792Z] > command requires scopes: ["email","openid","https://www.googleapis.com/auth/cloudplatformprojects.readonly","https://www.googleapis.com/auth/firebase","https://www.googleapis.com/auth/cloud-platform"]
[debug] [2018-05-04T01:22:09.792Z] > authorizing via signed-in user
[debug] [2018-05-04T01:22:09.793Z] >>> HTTP REQUEST GET https://admin.firebase.com/v1/projects/staging-6df22  
  
 Thu May 03 2018 21:22:09 GMT-0400 (EDT)
[debug] [2018-05-04T01:22:10.241Z] <<< HTTP RESPONSE 200
[debug] [2018-05-04T01:22:10.242Z] >>> HTTP REQUEST GET https://admin.firebase.com/v1/database/staging-6df22/tokens  
  
 Thu May 03 2018 21:22:10 GMT-0400 (EDT)
[debug] [2018-05-04T01:22:10.578Z] <<< HTTP RESPONSE 200
[info] 
[info] === Deploying to 'staging-6df22'...
[info] 
[info] i  deploying hosting
[info] i  hosting: preparing public directory for upload...
[debug] [2018-05-04T01:22:10.928Z] >>> HTTP REQUEST PUT https://deploy.firebase.com/v1/hosting/staging-6df22/uploads/-LBcjV28FvNpQYTjB8EK?fileCount=32&message=  
  
 Thu May 03 2018 21:22:10 GMT-0400 (EDT)
